\BOOKMARK [1][-]{section.1}{ 1. Introduction}{}% 1
\BOOKMARK [1][-]{section.2}{ 2. Models}{}% 2
\BOOKMARK [2][-]{subsection.2.1}{2.1 Bowed Stiff string}{section.2}% 3
\BOOKMARK [2][-]{subsection.2.2}{2.2 Bridge}{section.2}% 4
\BOOKMARK [2][-]{subsection.2.3}{2.3 Body}{section.2}% 5
\BOOKMARK [2][-]{subsection.2.4}{2.4 Collisions}{section.2}% 6
\BOOKMARK [1][-]{section.3}{ 3. Discretisation}{}% 7
\BOOKMARK [2][-]{subsection.3.1}{3.1 Collisions using non-iterative methods}{section.3}% 8
\BOOKMARK [3][-]{subsubsection.3.1.1}{3.1.1 Operators}{subsection.3.1}% 9
\BOOKMARK [3][-]{subsubsection.3.1.2}{3.1.2 Explicit collisions}{subsection.3.1}% 10
\BOOKMARK [1][-]{section.4}{ 4. Implementation}{}% 11
\BOOKMARK [2][-]{subsection.4.1}{4.1 Introducing an Offset}{section.4}% 12
\BOOKMARK [2][-]{subsection.4.2}{4.2 Pitch Control}{section.4}% 13
\BOOKMARK [2][-]{subsection.4.3}{4.3 Other Considerations}{section.4}% 14
\BOOKMARK [2][-]{subsection.4.4}{4.4 Order of calculation}{section.4}% 15
\BOOKMARK [2][-]{subsection.4.5}{4.5 Parameter design}{section.4}% 16
\BOOKMARK [2][-]{subsection.4.6}{4.6 Graphical User Interface}{section.4}% 17
\BOOKMARK [2][-]{subsection.4.7}{4.7 Sensel Morph and Mapping}{section.4}% 18
\BOOKMARK [1][-]{section.5}{ 5. Discussion}{}% 19
\BOOKMARK [1][-]{section.6}{ 6. Conclusions}{}% 20
